Script started on 2025-12-06 17:56:34+00:00 [COMMAND="./install.sh --headless --gpu cpu --install webui" TERM="xterm" COLUMNS="128" LINES="-1"]
[2025-12-06 17:56:34] Running installer in headless mode.
[2025-12-06 17:56:34] Headless mode using default config path: /root/.config/aihub/installer.conf
[2025-12-06 17:56:34] Parsed env-style headless config successfully.
[2025-12-06 17:56:34] GPU mode override provided via CLI; skipping config lookup.
[2025-12-06 17:56:34] Install target provided via CLI; skipping config lookup.
[2025-12-06 17:56:34] Headless config missing Hugging Face token; will use anonymous downloads when permitted.
[2025-12-06 17:56:34] Running bootstrap to verify/install prerequisites.
[bootstrap] git version git version 2.43.0
[bootstrap] curl version curl 8.5.0 (x86_64-pc-linux-gnu) libcurl/8.5.0 OpenSSL/3.0.13 zlib/1.3 brotli/1.1.0 zstd/1.5.5 libidn2/2.3.7 libpsl/0.21.2 (+libidn2/2.3.7) libssh/0.10.6/openssl/zlib nghttp2/1.59.0 librtmp/2.3 OpenLDAP/2.6.7
[bootstrap] jq version jq-1.7
[bootstrap] python version Python 3.11.12
[bootstrap] pip version pip 25.2 from /root/.pyenv/versions/3.11.12/lib/python3.11/site-packages/pip (python 3.11)
[bootstrap] wget version GNU Wget 1.21.4 built on linux-gnu.
[bootstrap] Missing packages detected: yad nodejs npm aria2 ubuntu-drivers-common mesa-utils
[bootstrap] Headless mode: installing missing packages automatically.
[bootstrap] Updating package index with: sudo apt update

WARNING: apt does not have a stable CLI interface. Use with caution in scripts.

Get:2 https://mise.jdx.dev/deb stable InRelease [2065 B]
Get:3 http://security.ubuntu.com/ubuntu noble-security InRelease [126 kB]
Get:1 https://apt.llvm.org/noble llvm-toolchain-noble-20 InRelease [5554 B]
Get:4 http://archive.ubuntu.com/ubuntu noble InRelease [256 kB]
Get:5 https://mise.jdx.dev/deb stable/main amd64 Packages [363 B]
Get:6 https://apt.llvm.org/noble llvm-toolchain-noble-20/main amd64 Packages [13.2 kB]
Get:7 http://security.ubuntu.com/ubuntu noble-security/universe amd64 Packages [1182 kB]
Get:8 http://archive.ubuntu.com/ubuntu noble-updates InRelease [126 kB]
Get:9 http://security.ubuntu.com/ubuntu noble-security/multiverse amd64 Packages [33.1 kB]
Get:10 http://security.ubuntu.com/ubuntu noble-security/main amd64 Packages [1700 kB]
Get:11 http://archive.ubuntu.com/ubuntu noble-backports InRelease [126 kB]
Get:12 http://security.ubuntu.com/ubuntu noble-security/restricted amd64 Packages [2796 kB]
Get:13 http://archive.ubuntu.com/ubuntu noble/universe amd64 Packages [19.3 MB]
Get:14 http://archive.ubuntu.com/ubuntu noble/restricted amd64 Packages [117 kB]
Get:15 http://archive.ubuntu.com/ubuntu noble/multiverse amd64 Packages [331 kB]
Get:16 http://archive.ubuntu.com/ubuntu noble/main amd64 Packages [1808 kB]
Get:17 http://archive.ubuntu.com/ubuntu noble-updates/universe amd64 Packages [1943 kB]
Get:18 http://archive.ubuntu.com/ubuntu noble-updates/main amd64 Packages [2059 kB]
Get:19 http://archive.ubuntu.com/ubuntu noble-updates/multiverse amd64 Packages [35.9 kB]
Get:20 http://archive.ubuntu.com/ubuntu noble-updates/restricted amd64 Packages [2929 kB]
Get:21 http://archive.ubuntu.com/ubuntu noble-backports/main amd64 Packages [49.4 kB]
Get:22 http://archive.ubuntu.com/ubuntu noble-backports/universe amd64 Packages [34.3 kB]
Fetched 35.0 MB in 4s (8410 kB/s)
Reading package lists...
Building dependency tree...
Reading state information...
36 packages can be upgraded. Run 'apt list --upgradable' to see them.
[bootstrap] Installing packages: yad nodejs npm aria2 ubuntu-drivers-common mesa-utils

WARNING: apt does not have a stable CLI interface. Use with caution in scripts.

Reading package lists...
Building dependency tree...
Reading state information...
The following additional packages will be installed:
  adwaita-icon-theme at-spi2-common at-spi2-core dbus-user-session
  dconf-gsettings-backend dconf-service eslint gsettings-desktop-schemas
  gtk-update-icon-cache gyp handlebars hicolor-icon-theme humanity-icon-theme
  javascript-common kmod libaria2-0 libatk-bridge2.0-0t64 libatk1.0-0t64
  libatspi2.0-0t64 libauthen-sasl-perl libavahi-client3 libavahi-common-data
  libavahi-common3 libcairo-gobject2 libclone-perl libcolord2 libcups2t64
  libdata-dump-perl libdconf1 libdecor-0-0 libdecor-0-plugin-1-gtk
  libdrm-amdgpu1 libdrm-common libdrm-intel1 libdrm2 libegl-mesa0 libegl1
  libencode-locale-perl libepoxy0 libfile-basedir-perl
  libfile-desktopentry-perl libfile-listing-perl libfile-mimeinfo-perl
  libfont-afm-perl libgbm1 libgdk-pixbuf-2.0-0 libgdk-pixbuf2.0-bin
  libgdk-pixbuf2.0-common libgl1 libgl1-mesa-dri libgles2 libglvnd0
  libglx-mesa0 libglx0 libgtk-3-0t64 libgtk-3-bin libgtk-3-common
  libhtml-form-perl libhtml-format-perl libhtml-parser-perl
  libhtml-tagset-perl libhtml-tree-perl libhttp-cookies-perl
  libhttp-daemon-perl libhttp-date-perl libhttp-message-perl
  libhttp-negotiate-perl libice6 libio-html-perl libio-socket-ssl-perl
  libio-stringy-perl libipc-system-simple-perl libjs-async libjs-events
  libjs-inherits libjs-is-typedarray libjs-prettify libjs-regenerate
  libjs-source-map libjs-sprintf-js libjs-typedarray-to-buffer libjs-util
  liblcms2-2 liblwp-mediatypes-perl liblwp-protocol-https-perl
  libmailtools-perl libnet-dbus-perl libnet-http-perl libnet-smtp-ssl-perl
  libnet-ssleay-perl libnode-dev libnode109 libnotify-bin libnotify4 libpci3
  libpciaccess0 librsvg2-2 librsvg2-common libsensors-config libsensors5
  libsm6 libssh2-1t64 libtext-iconv-perl libtie-ixhash-perl libtry-tiny-perl
  liburi-perl libusb-1.0-0 libuv1-dev libvulkan1 libwayland-client0
  libwayland-cursor0 libwayland-egl1 libwayland-server0 libwww-perl
  libwww-robotrules-perl libx11-protocol-perl libx11-xcb1 libxaw7
  libxcb-dri3-0 libxcb-glx0 libxcb-present0 libxcb-randr0 libxcb-shape0
  libxcb-sync1 libxcb-xfixes0 libxcb-xkb1 libxcomposite1 libxcursor1
  libxdamage1 libxfixes3 libxi6 libxinerama1 libxkbcommon-x11-0 libxkbcommon0
  libxkbfile1 libxml-parser-perl libxml-twig-perl libxml-xpathengine-perl
  libxmu6 libxmuu1 libxrandr2 libxshmfence1 libxt6t64 libxtst6 libxv1
  libxxf86dga1 libxxf86vm1 mesa-libgallium mesa-utils-bin mesa-vulkan-drivers
  node-abbrev node-acorn node-agent-base node-ajv node-ajv-keywords
  node-ampproject-remapping node-ansi-escapes node-ansi-regex node-ansi-styles
  node-anymatch node-aproba node-archy node-are-we-there-yet node-argparse
  node-arrify node-assert node-async node-async-each node-auto-bind
  node-babel-helper-define-polyfill-provider
  node-babel-plugin-add-module-exports node-babel-plugin-lodash
  node-babel-plugin-polyfill-corejs2 node-babel-plugin-polyfill-corejs3
  node-babel-plugin-polyfill-regenerator node-babel7 node-babel7-runtime
  node-balanced-match node-base node-base64-js node-binary-extensions
  node-brace-expansion node-braces node-browserslist node-builtins node-busboy
  node-cacache node-cache-base node-camelcase node-caniuse-lite node-chalk
  node-chokidar node-chownr node-chrome-trace-event node-ci-info
  node-cjs-module-lexer node-cli-boxes node-cli-cursor node-cli-table
  node-cli-truncate node-cliui node-clone node-clone-deep
  node-collection-visit node-color-convert node-color-name node-colors
  node-columnify node-commander node-commondir node-concat-stream
  node-console-control-strings node-convert-source-map node-copy-concurrently
  node-core-js node-core-js-compat node-core-js-pure node-core-util-is
  node-coveralls node-css-loader node-css-selector-tokenizer
  node-data-uri-to-buffer node-debbundle-es-to-primitive node-debug
  node-decamelize node-decompress-response node-deep-equal node-deep-is
  node-defaults node-define-properties node-define-property node-defined
  node-del node-delegates node-depd node-diff node-doctrine
  node-electron-to-chromium node-encoding node-end-of-stream
  node-enhanced-resolve node-err-code node-errno node-error-ex
  node-es-abstract node-es-module-lexer node-es6-error
  node-escape-string-regexp node-escodegen node-eslint-scope node-eslint-utils
  node-eslint-visitor-keys node-espree node-esprima node-esquery
  node-esrecurse node-estraverse node-esutils node-events node-fancy-log
  node-fast-deep-equal node-fast-levenshtein node-fetch node-file-entry-cache
  node-fill-range node-find-cache-dir node-find-up node-flat-cache
  node-flatted node-for-in node-for-own node-foreground-child
  node-fs-readdir-recursive node-fs-write-stream-atomic node-fs.realpath
  node-function-bind node-functional-red-black-tree node-gauge
  node-get-caller-file node-get-stream node-get-value node-glob
  node-glob-parent node-globals node-globby node-got node-graceful-fs
  node-growl node-gyp node-has-flag node-has-unicode node-has-value
  node-has-values node-hosted-git-info node-http-proxy-agent
  node-https-proxy-agent node-iconv-lite node-icss-utils node-ieee754
  node-iferr node-ignore node-imurmurhash node-indent-string node-inflight
  node-inherits node-ini node-interpret node-ip node-ip-regex node-is-arrayish
  node-is-binary-path node-is-buffer node-is-descriptor node-is-extendable
  node-is-extglob node-is-glob node-is-number node-is-path-cwd
  node-is-path-inside node-is-plain-obj node-is-plain-object node-is-primitive
  node-is-stream node-is-typedarray node-is-windows node-isarray node-isexe
  node-isobject node-istanbul node-jest-debbundle node-jest-worker
  node-js-tokens node-js-yaml node-jsesc node-json-buffer
  node-json-parse-better-errors node-json-schema node-json-schema-traverse
  node-json-stable-stringify node-json5 node-jsonify node-jsonparse
  node-kind-of node-lcov-parse node-levn node-loader-runner node-locate-path
  node-lodash node-lodash-packages node-log-driver node-lowercase-keys
  node-lru-cache node-make-dir node-map-visit node-memfs node-memory-fs
  node-merge-stream node-micromatch node-mime node-mime-types
  node-mimic-response node-minimatch node-minimist node-minipass
  node-mixin-deep node-mkdirp node-move-concurrently node-ms node-mute-stream
  node-n3 node-negotiator node-neo-async node-nopt node-normalize-package-data
  node-normalize-path node-npm-bundled node-npm-package-arg node-npm-run-path
  node-npmlog node-object-assign node-object-inspect node-object-visit
  node-once node-opener node-optimist node-optionator node-osenv
  node-p-cancelable node-p-limit node-p-locate node-p-map node-parse-json
  node-pascalcase node-path-dirname node-path-exists node-path-is-absolute
  node-path-is-inside node-path-type node-picocolors node-pify node-pkg-dir
  node-postcss node-postcss-modules-extract-imports
  node-postcss-modules-values node-postcss-value-parser node-prelude-ls
  node-process-nextick-args node-progress node-promise-inflight
  node-promise-retry node-promzard node-prr node-pump node-punycode
  node-quick-lru node-randombytes node-re2 node-read node-read-package-json
  node-read-pkg node-readable-stream node-readdirp node-rechoir
  node-regenerate node-regenerate-unicode-properties node-regenerator-runtime
  node-regenerator-transform node-regexpp node-regexpu-core node-regjsgen
  node-regjsparser node-repeat-string node-require-directory
  node-require-from-string node-resolve node-resolve-cwd node-resolve-from
  node-restore-cursor node-resumer node-retry node-rimraf node-run-queue
  node-safe-buffer node-schema-utils node-sellside-emitter node-semver
  node-serialize-javascript node-set-blocking node-set-immediate-shim
  node-set-value node-shebang-command node-shebang-regex node-shell-quote
  node-signal-exit node-slash node-slice-ansi node-source-list-map
  node-source-map node-source-map-support node-spdx-correct
  node-spdx-exceptions node-spdx-expression-parse node-spdx-license-ids
  node-sprintf-js node-ssri node-stack-utils node-string-decoder
  node-string-width node-strip-ansi node-strip-bom node-strip-json-comments
  node-supports-color node-tap node-tap-mocha-reporter node-tap-parser
  node-tapable node-tape node-tar node-terser node-text-table node-through
  node-time-stamp node-to-fast-properties node-to-regex-range node-tslib
  node-type-check node-typedarray node-typedarray-to-buffer node-undici
  node-unicode-canonical-property-names-ecmascript
  node-unicode-match-property-ecmascript
  node-unicode-match-property-value-ecmascript
  node-unicode-property-aliases-ecmascript node-union-value
  node-unique-filename node-unset-value node-uri-js node-util
  node-util-deprecate node-uuid node-v8-compile-cache node-v8flags
  node-validate-npm-package-license node-validate-npm-package-name
  node-watchpack node-wcwidth.js node-webassemblyjs node-webpack-sources
  node-which node-wide-align node-widest-line node-wordwrap node-wrap-ansi
  node-wrappy node-write node-write-file-atomic node-ws node-xtend node-y18n
  node-yallist node-yaml node-yargs node-yargs-parser nodejs-doc pci.ids
  pciutils perl-openssl-defaults python3-xkit session-migration
  shared-mime-info systemd-hwe-hwdb terser ubuntu-mono udev usbutils webpack
  x11-utils x11-xserver-utils xdg-utils xkb-data zutty
Suggested packages:
  node-babel-eslint node-esprima-fb node-inquirer apache2 | lighttpd | httpd
  libdigest-hmac-perl libgssapi-perl colord cups-common gvfs
  libio-compress-brotli-perl libjs-angularjs liblcms2-utils
  libcrypt-ssleay-perl notification-daemon librsvg2-bin lm-sensors
  libsub-name-perl libbusiness-isbn-perl libregexp-ipv6-perl
  libauthen-ntlm-perl libunicode-map8-perl libunicode-string-perl
  xml-twig-tools node-babel-plugin-polyfill-es-shims node-babel7-debug
  livescript chai node-jest-diff debhelper python3-aptdaemon.pkcompat
  usbutils-py nickle cairo-5c xorg-docs-core
Recommended packages:
  luit
The following NEW packages will be installed:
  adwaita-icon-theme aria2 at-spi2-common at-spi2-core dbus-user-session
  dconf-gsettings-backend dconf-service eslint gsettings-desktop-schemas
  gtk-update-icon-cache gyp handlebars hicolor-icon-theme humanity-icon-theme
  javascript-common kmod libaria2-0 libatk-bridge2.0-0t64 libatk1.0-0t64
  libatspi2.0-0t64 libauthen-sasl-perl libavahi-client3 libavahi-common-data
  libavahi-common3 libcairo-gobject2 libclone-perl libcolord2 libcups2t64
  libdata-dump-perl libdconf1 libdecor-0-0 libdecor-0-plugin-1-gtk
  libdrm-amdgpu1 libdrm-common libdrm-intel1 libdrm2 libegl-mesa0 libegl1
  libencode-locale-perl libepoxy0 libfile-basedir-perl
  libfile-desktopentry-perl libfile-listing-perl libfile-mimeinfo-perl
  libfont-afm-perl libgbm1 libgdk-pixbuf-2.0-0 libgdk-pixbuf2.0-bin
  libgdk-pixbuf2.0-common libgl1 libgl1-mesa-dri libgles2 libglvnd0
  libglx-mesa0 libglx0 libgtk-3-0t64 libgtk-3-bin libgtk-3-common
  libhtml-form-perl libhtml-format-perl libhtml-parser-perl
  libhtml-tagset-perl libhtml-tree-perl libhttp-cookies-perl
  libhttp-daemon-perl libhttp-date-perl libhttp-message-perl
  libhttp-negotiate-perl libice6 libio-html-perl libio-socket-ssl-perl
  libio-stringy-perl libipc-system-simple-perl libjs-async libjs-events
  libjs-inherits libjs-is-typedarray libjs-prettify libjs-regenerate
  libjs-source-map libjs-sprintf-js libjs-typedarray-to-buffer libjs-util
  liblcms2-2 liblwp-mediatypes-perl liblwp-protocol-https-perl
  libmailtools-perl libnet-dbus-perl libnet-http-perl libnet-smtp-ssl-perl
  libnet-ssleay-perl libnode-dev libnode109 libnotify-bin libnotify4 libpci3
  libpciaccess0 librsvg2-2 librsvg2-common libsensors-config libsensors5
  libsm6 libssh2-1t64 libtext-iconv-perl libtie-ixhash-perl libtry-tiny-perl
  liburi-perl libusb-1.0-0 libuv1-dev libvulkan1 libwayland-client0
  libwayland-cursor0 libwayland-egl1 libwayland-server0 libwww-perl
  libwww-robotrules-perl libx11-protocol-perl libx11-xcb1 libxaw7
  libxcb-dri3-0 libxcb-glx0 libxcb-present0 libxcb-randr0 libxcb-shape0
  libxcb-sync1 libxcb-xfixes0 libxcb-xkb1 libxcomposite1 libxcursor1
  libxdamage1 libxfixes3 libxi6 libxinerama1 libxkbcommon-x11-0 libxkbcommon0
  libxkbfile1 libxml-parser-perl libxml-twig-perl libxml-xpathengine-perl
  libxmu6 libxmuu1 libxrandr2 libxshmfence1 libxt6t64 libxtst6 libxv1
  libxxf86dga1 libxxf86vm1 mesa-libgallium mesa-utils mesa-utils-bin
  mesa-vulkan-drivers node-abbrev node-acorn node-agent-base node-ajv
  node-ajv-keywords node-ampproject-remapping node-ansi-escapes
  node-ansi-regex node-ansi-styles node-anymatch node-aproba node-archy
  node-are-we-there-yet node-argparse node-arrify node-assert node-async
  node-async-each node-auto-bind node-babel-helper-define-polyfill-provider
  node-babel-plugin-add-module-exports node-babel-plugin-lodash
  node-babel-plugin-polyfill-corejs2 node-babel-plugin-polyfill-corejs3
  node-babel-plugin-polyfill-regenerator node-babel7 node-babel7-runtime
  node-balanced-match node-base node-base64-js node-binary-extensions
  node-brace-expansion node-braces node-browserslist node-builtins node-busboy
  node-cacache node-cache-base node-camelcase node-caniuse-lite node-chalk
  node-chokidar node-chownr node-chrome-trace-event node-ci-info
  node-cjs-module-lexer node-cli-boxes node-cli-cursor node-cli-table
  node-cli-truncate node-cliui node-clone node-clone-deep
  node-collection-visit node-color-convert node-color-name node-colors
  node-columnify node-commander node-commondir node-concat-stream
  node-console-control-strings node-convert-source-map node-copy-concurrently
  node-core-js node-core-js-compat node-core-js-pure node-core-util-is
  node-coveralls node-css-loader node-css-selector-tokenizer
  node-data-uri-to-buffer node-debbundle-es-to-primitive node-debug
  node-decamelize node-decompress-response node-deep-equal node-deep-is
  node-defaults node-define-properties node-define-property node-defined
  node-del node-delegates node-depd node-diff node-doctrine
  node-electron-to-chromium node-encoding node-end-of-stream
  node-enhanced-resolve node-err-code node-errno node-error-ex
  node-es-abstract node-es-module-lexer node-es6-error
  node-escape-string-regexp node-escodegen node-eslint-scope node-eslint-utils
  node-eslint-visitor-keys node-espree node-esprima node-esquery
  node-esrecurse node-estraverse node-esutils node-events node-fancy-log
  node-fast-deep-equal node-fast-levenshtein node-fetch node-file-entry-cache
  node-fill-range node-find-cache-dir node-find-up node-flat-cache
  node-flatted node-for-in node-for-own node-foreground-child
  node-fs-readdir-recursive node-fs-write-stream-atomic node-fs.realpath
  node-function-bind node-functional-red-black-tree node-gauge
  node-get-caller-file node-get-stream node-get-value node-glob
  node-glob-parent node-globals node-globby node-got node-graceful-fs
  node-growl node-gyp node-has-flag node-has-unicode node-has-value
  node-has-values node-hosted-git-info node-http-proxy-agent
  node-https-proxy-agent node-iconv-lite node-icss-utils node-ieee754
  node-iferr node-ignore node-imurmurhash node-indent-string node-inflight
  node-inherits node-ini node-interpret node-ip node-ip-regex node-is-arrayish
  node-is-binary-path node-is-buffer node-is-descriptor node-is-extendable
  node-is-extglob node-is-glob node-is-number node-is-path-cwd
  node-is-path-inside node-is-plain-obj node-is-plain-object node-is-primitive
  node-is-stream node-is-typedarray node-is-windows node-isarray node-isexe
  node-isobject node-istanbul node-jest-debbundle node-jest-worker
  node-js-tokens node-js-yaml node-jsesc node-json-buffer
  node-json-parse-better-errors node-json-schema node-json-schema-traverse
  node-json-stable-stringify node-json5 node-jsonify node-jsonparse
  node-kind-of node-lcov-parse node-levn node-loader-runner node-locate-path
  node-lodash node-lodash-packages node-log-driver node-lowercase-keys
  node-lru-cache node-make-dir node-map-visit node-memfs node-memory-fs
  node-merge-stream node-micromatch node-mime node-mime-types
  node-mimic-response node-minimatch node-minimist node-minipass
  node-mixin-deep node-mkdirp node-move-concurrently node-ms node-mute-stream
  node-n3 node-negotiator node-neo-async node-nopt node-normalize-package-data
  node-normalize-path node-npm-bundled node-npm-package-arg node-npm-run-path
  node-npmlog node-object-assign node-object-inspect node-object-visit
  node-once node-opener node-optimist node-optionator node-osenv
  node-p-cancelable node-p-limit node-p-locate node-p-map node-parse-json
  node-pascalcase node-path-dirname node-path-exists node-path-is-absolute
  node-path-is-inside node-path-type node-picocolors node-pify node-pkg-dir
  node-postcss node-postcss-modules-extract-imports
  node-postcss-modules-values node-postcss-value-parser node-prelude-ls
  node-process-nextick-args node-progress node-promise-inflight
  node-promise-retry node-promzard node-prr node-pump node-punycode
  node-quick-lru node-randombytes node-re2 node-read node-read-package-json
  node-read-pkg node-readable-stream node-readdirp node-rechoir
  node-regenerate node-regenerate-unicode-properties node-regenerator-runtime
  node-regenerator-transform node-regexpp node-regexpu-core node-regjsgen
  node-regjsparser node-repeat-string node-require-directory
  node-require-from-string node-resolve node-resolve-cwd node-resolve-from
  node-restore-cursor node-resumer node-retry node-rimraf node-run-queue
  node-safe-buffer node-schema-utils node-sellside-emitter node-semver
  node-serialize-javascript node-set-blocking node-set-immediate-shim
  node-set-value node-shebang-command node-shebang-regex node-shell-quote
  node-signal-exit node-slash node-slice-ansi node-source-list-map
  node-source-map node-source-map-support node-spdx-correct
  node-spdx-exceptions node-spdx-expression-parse node-spdx-license-ids
  node-sprintf-js node-ssri node-stack-utils node-string-decoder
  node-string-width node-strip-ansi node-strip-bom node-strip-json-comments
  node-supports-color node-tap node-tap-mocha-reporter node-tap-parser
  node-tapable node-tape node-tar node-terser node-text-table node-through
  node-time-stamp node-to-fast-properties node-to-regex-range node-tslib
  node-type-check node-typedarray node-typedarray-to-buffer node-undici
  node-unicode-canonical-property-names-ecmascript
  node-unicode-match-property-ecmascript
  node-unicode-match-property-value-ecmascript
  node-unicode-property-aliases-ecmascript node-union-value
  node-unique-filename node-unset-value node-uri-js node-util
  node-util-deprecate node-uuid node-v8-compile-cache node-v8flags
  node-validate-npm-package-license node-validate-npm-package-name
  node-watchpack node-wcwidth.js node-webassemblyjs node-webpack-sources
  node-which node-wide-align node-widest-line node-wordwrap node-wrap-ansi
  node-wrappy node-write node-write-file-atomic node-ws node-xtend node-y18n
  node-yallist node-yaml node-yargs node-yargs-parser nodejs nodejs-doc npm
  pci.ids pciutils perl-openssl-defaults python3-xkit session-migration
  shared-mime-info systemd-hwe-hwdb terser ubuntu-drivers-common ubuntu-mono
  udev usbutils webpack x11-utils x11-xserver-utils xdg-utils xkb-data yad
  zutty
0 upgraded, 547 newly installed, 0 to remove and 36 not upgraded.
Need to get 75.4 MB of archives.
After this operation, 409 MB of additional disk space will be used.
Get:1 http://archive.ubuntu.com/ubuntu noble-updates/main amd64 libdrm-common all 2.4.122-1~ubuntu0.24.04.2 [8464 B]
Get:2 http://archive.ubuntu.com/ubuntu noble-updates/main amd64 libdrm2 amd64 2.4.122-1~ubuntu0.24.04.2 [40.6 kB]
Get:3 http://archive.ubuntu.com/ubuntu noble-updates/main amd64 pci.ids all 0.0~2024.03.31-1ubuntu0.1 [275 kB]
Get:4 http://archive.ubuntu.com/ubuntu noble/main amd64 libpci3 amd64 1:3.10.0-2build1 [36.5 kB]
Get:5 http://archive.ubuntu.com/ubuntu noble/main amd64 python3-xkit all 0.5.0ubuntu6 [17.4 kB]
Get:6 http://archive.ubuntu.com/ubuntu noble-updates/main amd64 udev amd64 255.4-1ubuntu8.11 [1874 kB]
Get:7 http://archive.ubuntu.com/ubuntu noble/main amd64 pciutils amd64 1:3.10.0-2build1 [69.7 kB]
Get:8 http://archive.ubuntu.com/ubuntu noble/main amd64 libusb-1.0-0 amd64 2:1.0.27-1 [54.0 kB]
Get:9 http://archive.ubuntu.com/ubuntu noble/main amd64 usbutils amd64 1:017-3build1 [84.5 kB]
Get:10 http://archive.ubuntu.com/ubuntu noble-updates/main amd64 kmod amd64 31+20240202-2ubuntu7.1 [101 kB]
Get:11 http://archive.ubuntu.com/ubuntu noble-updates/main amd64 ubuntu-drivers-common amd64 1:0.9.7.6ubuntu3.5 [65.9 kB]
Get:12 http://archive.ubuntu.com/ubuntu noble-updates/main amd64 dbus-user-session amd64 1.14.10-4ubuntu4.1 [9968 B]
Get:13 http://archive.ubuntu.com/ubuntu noble/main amd64 libtext-iconv-perl amd64 1.7-8build3 [13.5 kB]
Get:14 http://archive.ubuntu.com/ubuntu noble/main amd64 shared-mime-info amd64 2.4-4 [474 kB]
Get:15 http://archive.ubuntu.com/ubuntu noble-updates/main amd64 systemd-hwe-hwdb all 255.1.6 [3684 B]
Get:16 http://archive.ubuntu.com/ubuntu noble-updates/main amd64 xkb-data all 2.41-2ubuntu1.1 [397 kB]
Get:17 http://archive.ubuntu.com/ubuntu noble/main amd64 libsensors-config all 1:3.6.0-9build1 [5546 B]
Get:18 http://archive.ubuntu.com/ubuntu noble/main amd64 libsensors5 amd64 1:3.6.0-9build1 [26.6 kB]
Get:19 http://archive.ubuntu.com/ubuntu noble/main amd64 libxkbcommon0 amd64 1.6.0-1build1 [122 kB]
Get:20 http://archive.ubuntu.com/ubuntu noble/main amd64 libxmuu1 amd64 2:1.1.3-3build2 [8958 B]
Get:21 http://archive.ubuntu.com/ubuntu noble-updates/main amd64 libgdk-pixbuf2.0-common all 2.42.10+dfsg-3ubuntu3.2 [8192 B]
Get:22 http://archive.ubuntu.com/ubuntu noble-updates/main amd64 libgdk-pixbuf-2.0-0 amd64 2.42.10+dfsg-3ubuntu3.2 [147 kB]
Get:23 http://archive.ubuntu.com/ubuntu noble-updates/main amd64 gtk-update-icon-cache amd64 3.24.41-4ubuntu1.3 [51.9 kB]
Get:24 http://archive.ubuntu.com/ubuntu noble/main amd64 hicolor-icon-theme all 0.17-2 [9976 B]
Get:25 http://archive.ubuntu.com/ubuntu noble/main amd64 humanity-icon-theme all 0.6.16 [1282 kB]
Get:26 http://archive.ubuntu.com/ubuntu noble/main amd64 ubuntu-mono all 24.04-0ubuntu1 [151 kB]
Get:27 http://archive.ubuntu.com/ubuntu noble/main amd64 adwaita-icon-theme all 46.0-1 [723 kB]
Get:28 http://archive.ubuntu.com/ubuntu noble/main amd64 libssh2-1t64 amd64 1.11.0-4.1build2 [120 kB]
Get:29 http://archive.ubuntu.com/ubuntu noble/universe amd64 libaria2-0 amd64 1.37.0+debian-1build3 [1105 kB]
Get:30 http://archive.ubuntu.com/ubuntu noble/universe amd64 aria2 amd64 1.37.0+debian-1build3 [387 kB]
Get:31 http://archive.ubuntu.com/ubuntu noble/main amd64 at-spi2-common all 2.52.0-1build1 [8674 B]
Get:32 http://archive.ubuntu.com/ubuntu noble/main amd64 libxi6 amd64 2:1.8.1-1build1 [32.4 kB]
Get:33 http://archive.ubuntu.com/ubuntu noble/main amd64 libatspi2.0-0t64 amd64 2.52.0-1build1 [80.5 kB]
Get:34 http://archive.ubuntu.com/ubuntu noble/main amd64 libxtst6 amd64 2:1.2.3-1.1build1 [12.6 kB]
Get:35 http://archive.ubuntu.com/ubuntu noble-updates/main amd64 libdconf1 amd64 0.40.0-4ubuntu0.1 [39.6 kB]
Get:36 http://archive.ubuntu.com/ubuntu noble-updates/main amd64 dconf-service amd64 0.40.0-4ubuntu0.1 [27.6 kB]
Get:37 http://archive.ubuntu.com/ubuntu noble-updates/main amd64 dconf-gsettings-backend amd64 0.40.0-4ubuntu0.1 [22.1 kB]
Get:38 http://archive.ubuntu.com/ubuntu noble/main amd64 session-migration amd64 0.3.9build1 [9034 B]
Get:39 http://archive.ubuntu.com/ubuntu noble-updates/main amd64 gsettings-desktop-schemas all 46.1-0ubuntu1 [35.6 kB]
Get:40 http://archive.ubuntu.com/ubuntu noble/main amd64 at-spi2-core amd64 2.52.0-1build1 [56.6 kB]
Get:41 http://archive.ubuntu.com/ubuntu noble/universe amd64 node-fast-deep-equal all 3.1.3-3 [5844 B]
Get:42 http://archive.ubuntu.com/ubuntu noble/universe amd64 node-json-schema-traverse all 1.0.0-3 [6338 B]
Get:43 http://archive.ubuntu.com/ubuntu noble/universe amd64 node-jsonify all 0.0.1-1 [6724 B]
Get:44 http://archive.ubuntu.com/ubuntu noble/universe amd64 node-json-stable-stringify all 1.0.2+repack1+~cs1.0.34-2 [7270 B]
Get:45 http://archive.ubuntu.com/ubuntu noble/universe amd64 node-punycode all 2.2.3-2 [10.0 kB]
Get:46 http://archive.ubuntu.com/ubuntu noble/universe amd64 node-uri-js all 4.4.0+dfsg-8 [52.5 kB]
Get:47 http://archive.ubuntu.com/ubuntu noble/universe amd64 node-xtend all 4.0.2-3 [3902 B]
Get:48 http://archive.ubuntu.com/ubuntu noble/universe amd64 node-acorn all 8.8.1+ds+~cs25.17.7-2 [115 kB]
Get:49 http://archive.ubuntu.com/ubuntu noble/universe amd64 node-cjs-module-lexer all 1.2.3+dfsg-1 [32.1 kB]
Get:50 http://archive.ubuntu.com/ubuntu noble/universe amd64 node-busboy all 1.6.0+~cs2.6.0-2 [17.3 kB]
Get:51 http://archive.ubuntu.com/ubuntu noble/universe amd64 node-undici all 5.26.3+dfsg1+~cs23.10.12-2 [325 kB]
Get:52 http://archive.ubuntu.com/ubuntu noble/universe amd64 libnode109 amd64 18.19.1+dfsg-6ubuntu5 [11.6 MB]
Get:53 http://archive.ubuntu.com/ubuntu noble/universe amd64 nodejs amd64 18.19.1+dfsg-6ubuntu5 [306 kB]
Get:54 http://archive.ubuntu.com/ubuntu noble/universe amd64 node-ajv all 8.12.0~ds+~2.1.1-4 [185 kB]
Get:55 http://archive.ubuntu.com/ubuntu noble/universe amd64 libjs-inherits all 2.0.4-6 [3412 B]
Get:56 http://archive.ubuntu.com/ubuntu noble/universe amd64 node-inherits all 2.0.4-6 [3004 B]
Get:57 http://archive.ubuntu.com/ubuntu noble/universe amd64 node-core-util-is all 1.0.3-1 [4066 B]
Get:58 http://archive.ubuntu.com/ubuntu noble/universe amd64 node-safe-buffer all 5.2.1+~cs2.1.2-3 [15.8 kB]
Get:59 http://archive.ubuntu.com/ubuntu noble/universe amd64 node-string-decoder all 1.3.0-6 [7044 B]
Get:60 http://archive.ubuntu.com/ubuntu noble/universe amd64 node-process-nextick-args all 2.0.1-3 [3804 B]
Get:61 http://archive.ubuntu.com/ubuntu noble/universe amd64 node-util-deprecate all 1.0.2-3 [4202 B]
Get:62 http://archive.ubuntu.com/ubuntu noble/universe amd64 node-isarray all 2.0.5-4 [4024 B]
Get:63 http://archive.ubuntu.com/ubuntu noble/universe amd64 node-readable-stream all 3.6.0+~cs3.0.0-4build1 [32.4 kB]
Get:64 http://archive.ubuntu.com/ubuntu noble/universe amd64 node-typedarray all 0.0.7-1 [9584 B]
Get:65 http://archive.ubuntu.com/ubuntu noble/universe amd64 node-concat-stream all 2.0.0+~2.0.0-2 [6424 B]
Get:66 http://archive.ubuntu.com/ubuntu noble/universe amd64 node-ms all 2.1.3+~cs0.7.31-3 [5738 B]
Get:67 http://archive.ubuntu.com/ubuntu noble/universe amd64 node-debug all 4.3.4+~cs4.1.7-1 [17.7 kB]
Get:68 http://archive.ubuntu.com/ubuntu noble/universe amd64 node-esutils all 2.0.3+~2.0.0-1 [13.0 kB]
Get:69 http://archive.ubuntu.com/ubuntu noble/universe amd64 node-doctrine all 3.0.0-4 [18.3 kB]
Get:70 http://archive.ubuntu.com/ubuntu noble/universe amd64 node-eslint-visitor-keys all 3.3.0+~1.0.0-1 [14.4 kB]
Get:71 http://archive.ubuntu.com/ubuntu noble/universe amd64 node-estraverse all 5.3.0+ds+~5.1.1-1 [11.9 kB]
Get:72 http://archive.ubuntu.com/ubuntu noble/universe amd64 node-object-assign all 4.1.1-7 [4686 B]
Get:73 http://archive.ubuntu.com/ubuntu noble/universe amd64 node-esrecurse all 4.3.0-2 [6136 B]
Get:74 http://archive.ubuntu.com/ubuntu noble/universe amd64 node-eslint-scope all 7.1.1+~3.7.4-1 [31.5 kB]
Get:75 http://archive.ubuntu.com/ubuntu noble/universe amd64 node-espree all 9.4.1~dfsg-2 [21.0 kB]
Get:76 http://archive.ubuntu.com/ubuntu noble/universe amd64 node-esquery all 1.4.2~ds-1 [26.0 kB]
Get:77 http://archive.ubuntu.com/ubuntu noble/universe amd64 node-eslint-utils all 3.0.0-3 [15.8 kB]
Get:78 http://archive.ubuntu.com/ubuntu noble/universe amd64 node-flatted all 3.2.7~ds-1 [10.0 kB]
Get:79 http://archive.ubuntu.com/ubuntu noble/universe amd64 node-fs.realpath all 1.0.0-3 [6176 B]
Get:80 http://archive.ubuntu.com/ubuntu noble/universe amd64 node-wrappy all 1.0.2-3 [3732 B]
Get:81 http://archive.ubuntu.com/ubuntu noble/universe amd64 node-once all 1.4.1-1 [4664 B]
Get:82 http://archive.ubuntu.com/ubuntu noble/universe amd64 node-inflight all 1.0.6-2 [3940 B]
Get:83 http://archive.ubuntu.com/ubuntu noble/universe amd64 node-balanced-match all 2.0.0-1 [4910 B]
Get:84 http://archive.ubuntu.com/ubuntu noble/universe amd64 node-brace-expansion all 2.0.1+~1.1.0-1 [8072 B]
Get:85 http://archive.ubuntu.com/ubuntu noble/universe amd64 node-minimatch all 9.0.3-4build5 [51.1 kB]
Get:86 http://archive.ubuntu.com/ubuntu noble/universe amd64 node-glob all 8.1.0+~cs8.5.15-1 [137 kB]
Get:87 http://archive.ubuntu.com/ubuntu noble/universe amd64 node-rimraf all 3.0.2-2 [10.4 kB]
Get:88 http://archive.ubuntu.com/ubuntu noble/universe amd64 node-write all 2.0.0~6.0.1+~3.0.4+~2.0.0+~1.0.0+~2.0.1-1 [16.0 kB]
Get:89 http://archive.ubuntu.com/ubuntu noble/universe amd64 node-flat-cache all 3.0.4~6.0.1+~3.0.4+~2.0.0+~1.0.0+~2.0.1-1 [9050 B]
Get:90 http://archive.ubuntu.com/ubuntu noble/universe amd64 node-file-entry-cache all 6.0.1+~3.0.4+~2.0.0+~1.0.0+~2.0.1-1 [12.2 kB]
Get:91 http://archive.ubuntu.com/ubuntu noble/universe amd64 node-functional-red-black-tree all 1.0.1+20181105-7 [14.3 kB]
Get:92 http://archive.ubuntu.com/ubuntu noble/universe amd64 node-is-extglob all 2.1.1-5 [4624 B]
Get:93 http://archive.ubuntu.com/ubuntu noble/universe amd64 node-is-glob all 4.0.3-2 [6706 B]
Get:94 http://archive.ubuntu.com/ubuntu noble/universe amd64 node-path-dirname all 1.0.2-2 [4326 B]
Get:95 http://archive.ubuntu.com/ubuntu noble/universe amd64 node-glob-parent all 6.0.2+~5.1.1-2 [7050 B]
Get:96 http://archive.ubuntu.com/ubuntu noble/universe amd64 node-globals all 13.23.0-1 [11.7 kB]
Get:97 http://archive.ubuntu.com/ubuntu noble/universe amd64 node-resolve-from all 5.0.0+~3.1.0+~3.3.0+~2.0.0-1 [7332 B]
Get:98 http://archive.ubuntu.com/ubuntu noble/universe amd64 node-imurmurhash all 0.1.4+dfsg+~0.1.1-2 [8504 B]
Get:99 http://archive.ubuntu.com/ubuntu noble/universe amd64 node-ignore all 5.2.1-1 [24.2 kB]
Get:100 http://archive.ubuntu.com/ubuntu noble/universe amd64 node-prelude-ls all 1.2.1+dfsg-3 [9812 B]
Get:101 http://archive.ubuntu.com/ubuntu noble/universe amd64 node-type-check all 0.4.0+dfsg-3 [9318 B]
Get:102 http://archive.ubuntu.com/ubuntu noble/universe amd64 node-levn all 0.4.1+dfsg-2 [10.3 kB]
Get:103 http://archive.ubuntu.com/ubuntu noble/universe amd64 node-lodash all 4.17.21+dfsg+~cs8.31.198.20210220-9 [469 kB]
Get:104 http://archive.ubuntu.com/ubuntu noble/universe amd64 node-memfs all 3.4.12+~cs1.0.3-1 [41.0 kB]
Get:105 http://archive.ubuntu.com/ubuntu noble/universe amd64 node-mkdirp all 1.0.4+~1.0.2-4 [11.3 kB]
Get:106 http://archive.ubuntu.com/ubuntu noble/universe amd64 node-deep-is all 0.1.4-1 [5158 B]
Get:107 http://archive.ubuntu.com/ubuntu noble/universe amd64 node-fast-levenshtein all 2.0.6+ds-3 [6084 B]
Get:108 http://archive.ubuntu.com/ubuntu noble/universe amd64 node-optionator all 0.9.1+dfsg+~cs1.2.3-1 [17.1 kB]
Get:109 http://archive.ubuntu.com/ubuntu noble/universe amd64 node-progress all 2.0.3-2 [6704 B]
Get:110 http://archive.ubuntu.com/ubuntu noble/universe amd64 libjs-regenerate all 1.4.2-3 [14.7 kB]
Get:111 http://archive.ubuntu.com/ubuntu noble/universe amd64 node-regenerate all 1.4.2-3 [2340 B]
Get:112 http://archive.ubuntu.com/ubuntu noble/universe amd64 node-regenerate-unicode-properties all 10.1.0+ds-1 [54.7 kB]
Get:113 http://archive.ubuntu.com/ubuntu noble/universe amd64 node-regexpp all 3.2.0-5 [27.8 kB]
Get:114 http://archive.ubuntu.com/ubuntu noble/universe amd64 node-yallist all 4.0.0+~4.0.1-1 [8322 B]
Get:115 http://archive.ubuntu.com/ubuntu noble/universe amd64 node-lru-cache all 7.14.1-1 [23.9 kB]
Get:116 http://archive.ubuntu.com/ubuntu noble/universe amd64 node-semver all 7.5.4+~7.5.0-2 [44.3 kB]
Get:117 http://archive.ubuntu.com/ubuntu noble/universe amd64 node-strip-json-comments all 4.0.0-4 [5656 B]
Get:118 http://archive.ubuntu.com/ubuntu noble/universe amd64 node-json-schema all 0.4.0+~7.0.11-1 [13.4 kB]
Get:119 http://archive.ubuntu.com/ubuntu noble/universe amd64 node-v8-compile-cache all 2.4.0-2 [7686 B]
Get:120 http://archive.ubuntu.com/ubuntu noble/universe amd64 eslint all 6.4.0~dfsg+~6.1.9-11build3 [354 kB]
Get:121 http://archive.ubuntu.com/ubuntu noble/universe amd64 gyp all 0.1+20220404git9ecf45e-2 [238 kB]
Get:122 http://archive.ubuntu.com/ubuntu noble/universe amd64 node-neo-async all 2.6.2+~cs3.0.0-3 [42.9 kB]
Get:123 http://archive.ubuntu.com/ubuntu noble/universe amd64 node-arrify all 2.0.1-3 [3688 B]
Get:124 http://archive.ubuntu.com/ubuntu noble/universe amd64 node-is-plain-obj all 3.0.0-2 [3994 B]
Get:125 http://archive.ubuntu.com/ubuntu noble/universe amd64 node-is-buffer all 2.0.5-2 [4128 B]
Get:126 http://archive.ubuntu.com/ubuntu noble/universe amd64 node-kind-of all 6.0.3+dfsg-2 [8628 B]
Get:127 http://archive.ubuntu.com/ubuntu noble/universe amd64 node-minimist all 1.2.8+~cs5.3.5-1 [10.2 kB]
Get:128 http://archive.ubuntu.com/ubuntu noble/universe amd64 node-wordwrap all 1.0.0-4 [4644 B]
Get:129 http://archive.ubuntu.com/ubuntu noble/universe amd64 node-optimist all 0.6.1+~0.0.30-2 [13.8 kB]
Get:130 http://archive.ubuntu.com/ubuntu noble/universe amd64 libjs-source-map all 0.7.0++dfsg2+really.0.6.1-15 [27.1 kB]
Get:131 http://archive.ubuntu.com/ubuntu noble/universe amd64 node-source-map all 0.7.0++dfsg2+really.0.6.1-15 [42.8 kB]
Get:132 http://archive.ubuntu.com/ubuntu noble/universe amd64 handlebars all 3:4.7.7+~4.1.0-1 [211 kB]
Get:133 http://archive.ubuntu.com/ubuntu noble/main amd64 javascript-common all 11+nmu1 [5936 B]
Get:134 http://archive.ubuntu.com/ubuntu noble/main amd64 libatk1.0-0t64 amd64 2.52.0-1build1 [55.3 kB]
Get:135 http://archive.ubuntu.com/ubuntu noble/main amd64 libatk-bridge2.0-0t64 amd64 2.52.0-1build1 [66.0 kB]
Get:136 http://archive.ubuntu.com/ubuntu noble/main amd64 libavahi-common-data amd64 0.8-13ubuntu6 [29.7 kB]
Get:137 http://archive.ubuntu.com/ubuntu noble/main amd64 libavahi-common3 amd64 0.8-13ubuntu6 [23.3 kB]
Get:138 http://archive.ubuntu.com/ubuntu noble/main amd64 libavahi-client3 amd64 0.8-13ubuntu6 [26.8 kB]
Get:139 http://archive.ubuntu.com/ubuntu noble/main amd64 libcairo-gobject2 amd64 1.18.0-3build1 [127 kB]
Get:140 http://archive.ubuntu.com/ubuntu noble/main amd64 libclone-perl amd64 0.46-1build3 [10.7 kB]
Get:141 http://archive.ubuntu.com/ubuntu noble/main amd64 liblcms2-2 amd64 2.14-2build1 [161 kB]
Get:142 http://archive.ubuntu.com/ubuntu noble/main amd64 libcolord2 amd64 1.4.7-1build2 [149 kB]
Get:143 http://archive.ubuntu.com/ubuntu noble-updates/main amd64 libcups2t64 amd64 2.4.7-1.2ubuntu7.9 [273 kB]
Get:144 http://archive.ubuntu.com/ubuntu noble/main amd64 libdata-dump-perl all 1.25-1 [25.9 kB]
Get:145 http://archive.ubuntu.com/ubuntu noble/main amd64 libwayland-client0 amd64 1.22.0-2.1build1 [26.4 kB]
Get:146 http://archive.ubuntu.com/ubuntu noble/main amd64 libdecor-0-0 amd64 0.2.2-1build2 [16.5 kB]
Get:147 http://archive.ubuntu.com/ubuntu noble/main amd64 libepoxy0 amd64 1.5.10-1build1 [220 kB]
Get:148 http://archive.ubuntu.com/ubuntu noble/main amd64 libwayland-cursor0 amd64 1.22.0-2.1build1 [10.4 kB]
Get:149 http://archive.ubuntu.com/ubuntu noble/main amd64 libwayland-egl1 amd64 1.22.0-2.1build1 [5628 B]
Get:150 http://archive.ubuntu.com/ubuntu noble/main amd64 libxcomposite1 amd64 1:0.4.5-1build3 [6320 B]
Get:151 http://archive.ubuntu.com/ubuntu noble/main amd64 libxfixes3 amd64 1:6.0.0-2build1 [10.8 kB]
Get:152 http://archive.ubuntu.com/ubuntu noble/main amd64 libxcursor1 amd64 1:1.2.1-1build1 [20.7 kB]
Get:153 http://archive.ubuntu.com/ubuntu noble/main amd64 libxdamage1 amd64 1:1.1.6-1build1 [6150 B]
Get:154 http://archive.ubuntu.com/ubuntu noble/main amd64 libxinerama1 amd64 2:1.1.4-3build1 [6396 B]
Get:155 http://archive.ubuntu.com/ubuntu noble/main amd64 libxrandr2 amd64 2:1.5.2-2build1 [19.7 kB]
Get:156 http://archive.ubuntu.com/ubuntu noble-updates/main amd64 libgtk-3-common all 3.24.41-4ubuntu1.3 [1426 kB]
Get:157 http://archive.ubuntu.com/ubuntu noble-updates/main amd64 libgtk-3-0t64 amd64 3.24.41-4ubuntu1.3 [2913 kB]
Get:158 http://archive.ubuntu.com/ubuntu noble/main amd64 libdecor-0-plugin-1-gtk amd64 0.2.2-1build2 [22.2 kB]
Get:159 http://archive.ubuntu.com/ubuntu noble-updates/main amd64 libdrm-amdgpu1 amd64 2.4.122-1~ubuntu0.24.04.2 [20.9 kB]
Get:160 http://archive.ubuntu.com/ubuntu noble-updates/main amd64 libpciaccess0 amd64 0.17-3ubuntu0.24.04.2 [18.9 kB]
Get:161 http://archive.ubuntu.com/ubuntu noble-updates/main amd64 libdrm-intel1 amd64 2.4.122-1~ubuntu0.24.04.2 [63.8 kB]
Get:162 http://archive.ubuntu.com/ubuntu noble/main amd64 libwayland-server0 amd64 1.22.0-2.1build1 [33.9 kB]
Get:163 http://archive.ubuntu.com/ubuntu noble/main amd64 libx11-xcb1 amd64 2:1.8.7-1build1 [7800 B]
Get:164 http://archive.ubuntu.com/ubuntu noble/main amd64 libxcb-dri3-0 amd64 1.15-1ubuntu2 [7142 B]
Get:165 http://archive.ubuntu.com/ubuntu noble/main amd64 libxcb-present0 amd64 1.15-1ubuntu2 [5676 B]
Get:166 http://archive.ubuntu.com/ubuntu noble/main amd64 libxcb-randr0 amd64 1.15-1ubuntu2 [17.9 kB]
Get:167 http://archive.ubuntu.com/ubuntu noble/main amd64 libxcb-sync1 amd64 1.15-1ubuntu2 [9312 B]
Get:168 http://archive.ubuntu.com/ubuntu noble/main amd64 libxcb-xfixes0 amd64 1.15-1ubuntu2 [10.2 kB]
Get:169 http://archive.ubuntu.com/ubuntu noble/main amd64 libxshmfence1 amd64 1.3-1build5 [4764 B]
Get:170 http://archive.ubuntu.com/ubuntu noble-updates/main amd64 mesa-libgallium amd64 25.0.7-0ubuntu0.24.04.2 [10.3 MB]
Get:171 http://archive.ubuntu.com/ubuntu noble-updates/main amd64 libgbm1 amd64 25.0.7-0ubuntu0.24.04.2 [32.7 kB]
Get:172 http://archive.ubuntu.com/ubuntu noble-updates/main amd64 libegl-mesa0 amd64 25.0.7-0ubuntu0.24.04.2 [124 kB]
Get:173 http://archive.ubuntu.com/ubuntu noble/main amd64 libencode-locale-perl all 1.05-3 [11.6 kB]
Get:174 http://archive.ubuntu.com/ubuntu noble/main amd64 libipc-system-simple-perl all 1.30-2 [22.3 kB]
Get:175 http://archive.ubuntu.com/ubuntu noble/main amd64 libfile-basedir-perl all 0.09-2 [14.4 kB]
Get:176 http://archive.ubuntu.com/ubuntu noble/main amd64 liburi-perl all 5.27-1 [88.0 kB]
Get:177 http://archive.ubuntu.com/ubuntu noble/main amd64 libfile-desktopentry-perl all 0.22-3 [16.8 kB]
Get:178 http://archive.ubuntu.com/ubuntu noble/main amd64 libhttp-date-perl all 6.06-1 [10.2 kB]
Get:179 http://archive.ubuntu.com/ubuntu noble/main amd64 libfile-listing-perl all 6.16-1 [11.3 kB]
Get:180 http://archive.ubuntu.com/ubuntu noble/main amd64 libfile-mimeinfo-perl all 0.34-1 [42.1 kB]
Get:181 http://archive.ubuntu.com/ubuntu noble/main amd64 libfont-afm-perl all 1.20-4 [13.0 kB]
Get:182 http://archive.ubuntu.com/ubuntu noble-updates/main amd64 libgdk-pixbuf2.0-bin amd64 2.42.10+dfsg-3ubuntu3.2 [13.9 kB]
Get:183 http://archive.ubuntu.com/ubuntu noble/main amd64 libvulkan1 amd64 1.3.275.0-1build1 [142 kB]
Get:184 http://archive.ubuntu.com/ubuntu noble-updates/main amd64 libgl1-mesa-dri amd64 25.0.7-0ubuntu0.24.04.2 [35.8 kB]
Get:185 http://archive.ubuntu.com/ubuntu noble/main amd64 libxcb-glx0 amd64 1.15-1ubuntu2 [24.8 kB]
Get:186 http://archive.ubuntu.com/ubuntu noble/main amd64 libxxf86vm1 amd64 1:1.1.4-1build4 [9282 B]
Get:187 http://archive.ubuntu.com/ubuntu noble-updates/main amd64 libglx-mesa0 amd64 25.0.7-0ubuntu0.24.04.2 [141 kB]
Get:188 http://archive.ubuntu.com/ubuntu noble-updates/main amd64 libgtk-3-bin amd64 3.24.41-4ubuntu1.3 [73.9 kB]
Get:189 http://archive.ubuntu.com/ubuntu noble/main amd64 libhtml-tagset-perl all 3.20-6 [11.3 kB]
Get:190 http://archive.ubuntu.com/ubuntu noble/main amd64 libhtml-parser-perl amd64 3.81-1build3 [85.8 kB]
Get:191 http://archive.ubuntu.com/ubuntu noble/main amd64 libio-html-perl all 1.004-3 [15.9 kB]
Get:192 http://archive.ubuntu.com/ubuntu noble/main amd64 liblwp-mediatypes-perl all 6.04-2 [20.1 kB]
Get:193 http://archive.ubuntu.com/ubuntu noble/main amd64 libhttp-message-perl all 6.45-1ubuntu1 [78.2 kB]
Get:194 http://archive.ubuntu.com/ubuntu noble/main amd64 libhtml-form-perl all 6.11-1 [32.1 kB]
Get:195 http://archive.ubuntu.com/ubuntu noble/main amd64 libhtml-tree-perl all 5.07-3 [200 kB]
Get:196 http://archive.ubuntu.com/ubuntu noble/main amd64 libhtml-format-perl all 2.16-2 [36.9 kB]
Get:197 http://archive.ubuntu.com/ubuntu noble/main amd64 libhttp-cookies-perl all 6.11-1 [18.2 kB]
Get:198 http://archive.ubuntu.com/ubuntu noble/main amd64 libhttp-daemon-perl all 6.16-1 [22.4 kB]
Get:199 http://archive.ubuntu.com/ubuntu noble/main amd64 libhttp-negotiate-perl all 6.01-2 [12.4 kB]
Get:200 http://archive.ubuntu.com/ubuntu noble/main amd64 libice6 amd64 2:1.0.10-1build3 [41.4 kB]
Get:201 http://archive.ubuntu.com/ubuntu noble/main amd64 perl-openssl-defaults amd64 7build3 [6626 B]
Get:202 http://archive.ubuntu.com/ubuntu noble/main amd64 libnet-ssleay-perl amd64 1.94-1build4 [316 kB]
Get:203 http://archive.ubuntu.com/ubuntu noble/main amd64 libio-socket-ssl-perl all 2.085-1 [195 kB]
Get:204 http://archive.ubuntu.com/ubuntu noble/main amd64 libio-stringy-perl all 2.111-3 [55.8 kB]
Get:205 http://archive.ubuntu.com/ubuntu noble/universe amd64 libjs-async all 0.8.0-6 [24.1 kB]
Get:206 http://archive.ubuntu.com/ubuntu noble/universe amd64 libjs-events all 3.3.0+~3.0.0-3 [9762 B]
Get:207 http://archive.ubuntu.com/ubuntu noble/universe amd64 libjs-is-typedarray all 1.0.0-4 [3804 B]
Get:208 http://archive.ubuntu.com/ubuntu noble/universe amd64 libjs-prettify all 2015.12.04+dfsg-1.1 [39.3 kB]
Get:209 http://archive.ubuntu.com/ubuntu noble/universe amd64 libjs-sprintf-js all 1.1.2+ds1+~1.1.2-1 [12.8 kB]
Get:210 http://archive.ubuntu.com/ubuntu noble/universe amd64 libjs-typedarray-to-buffer all 4.0.0-2 [4658 B]
Get:211 http://archive.ubuntu.com/ubuntu noble/universe amd64 node-lodash-packages all 4.17.21+dfsg+~cs8.31.198.20210220-9 [176 kB]
Get:212 http://archive.ubuntu.com/ubuntu noble/universe amd64 node-function-bind all 1.1.2+~cs2.1.14-1 [20.3 kB]
Get:213 http://archive.ubuntu.com/ubuntu noble/universe amd64 node-object-inspect all 1.12.2+~cs1.8.1-1 [11.4 kB]
Get:214 http://archive.ubuntu.com/ubuntu noble/universe amd64 node-es-abstract all 1.20.4+~cs26.27.47-1 [139 kB]
Get:215 http://archive.ubuntu.com/ubuntu noble/universe amd64 node-resolve all 1.22.8+~cs5.34.15-2 [23.3 kB]
Get:216 http://archive.ubuntu.com/ubuntu noble/universe amd64 node-define-properties all 1.2.1+~cs2.2.3-1 [7472 B]
Get:217 http://archive.ubuntu.com/ubuntu noble/universe amd64 node-debbundle-es-to-primitive all 1.2.1+~cs9.7.25-2 [14.1 kB]
Get:218 http://archive.ubuntu.com/ubuntu noble/universe amd64 node-isobject all 4.0.0-2 [5374 B]
Get:219 http://archive.ubuntu.com/ubuntu noble/universe amd64 node-is-descriptor all 3.0.0-2 [5606 B]
Get:220 http://archive.ubuntu.com/ubuntu noble/universe amd64 node-define-property all 2.0.2+really+2.0.2-3 [5846 B]
Get:221 http://archive.ubuntu.com/ubuntu noble/universe amd64 node-defined all 1.0.1+~1.0.0-1 [5276 B]
Get:222 http://archive.ubuntu.com/ubuntu noble/universe amd64 node-abbrev all 1.1.1+~1.1.2-1 [5784 B]
Get:223 http://archive.ubuntu.com/ubuntu noble/universe amd64 node-archy all 1.0.0-6 [4588 B]
Get:224 http://archive.ubuntu.com/ubuntu noble/universe amd64 node-async all 0.8.0-6 [2614 B]
Get:225 http://archive.ubuntu.com/ubuntu noble/universe amd64 node-convert-source-map all 1.9.0+~1.5.2-1 [8332 B]
Get:226 http://archive.ubuntu.com/ubuntu noble/universe amd64 node-decamelize all 4.0.0-2 [4016 B]
Get:227 http://archive.ubuntu.com/ubuntu noble/universe amd64 node-es6-error all 4.1.1-5 [5802 B]
Get:228 http://archive.ubuntu.com/ubuntu noble/universe amd64 node-esprima all 4.0.1+ds+~4.0.3-2 [69.3 kB]
Get:229 http://archive.ubuntu.com/ubuntu noble/universe amd64 node-escodegen all 2.1.0+dfsg+~0.0.8-1 [23.5 kB]
Get:230 http://archive.ubuntu.com/ubuntu noble/universe amd64 node-commondir all 1.0.1+~1.0.0-1 [4400 B]
Get:231 http://archive.ubuntu.com/ubuntu noble/universe amd64 node-is-number all 7.0.0-4 [5894 B]
Get:232 http://archive.ubuntu.com/ubuntu noble/universe amd64 node-repeat-string all 1.6.1+repack-1 [5660 B]
Get:233 http://archive.ubuntu.com/ubuntu noble/universe amd64 node-to-regex-range all 5.0.1-4 [10.7 kB]
Get:234 http://archive.ubuntu.com/ubuntu noble/universe amd64 node-fill-range all 7.0.1+~7.0.0-1 [9098 B]
Get:235 http://archive.ubuntu.com/ubuntu noble/universe amd64 node-braces all 3.0.2+~3.0.1-1 [19.4 kB]
Get:236 http://archive.ubuntu.com/ubuntu noble/universe amd64 node-normalize-path all 3.0.0+~3.0.0-1 [6718 B]
Get:237 http://archive.ubuntu.com/ubuntu noble/universe amd64 node-anymatch all 3.1.3+~cs4.6.1-2 [31.3 kB]
Get:238 http://archive.ubuntu.com/ubuntu noble/universe amd64 node-micromatch all 4.0.5+~4.0.2-1 [23.5 kB]
Get:239 http://archive.ubuntu.com/ubuntu noble/universe amd64 node-pify all 5.0.0+~cs5.0.1-1 [7148 B]
Get:240 http://archive.ubuntu.com/ubuntu noble/universe amd64 node-path-type all 4.0.0-3 [3934 B]
Get:241 http://archive.ubuntu.com/ubuntu noble/universe amd64 node-n3 all 1.16.3+~1.2.3+~1.10.4-1 [37.7 kB]
Get:242 http://archive.ubuntu.com/ubuntu noble/universe amd64 node-slash all 4.0.0-3 [4326 B]
Get:243 http://archive.ubuntu.com/ubuntu noble/universe amd64 node-globby all 13.1.3+~cs16.25.40-2 [41.4 kB]
Get:244 http://archive.ubuntu.com/ubuntu noble/universe amd64 node-graceful-fs all 4.2.10-1 [14.0 kB]
Get:245 http://archive.ubuntu.com/ubuntu noble/universe amd64 node-is-path-cwd all 2.2.0-2 [3650 B]
Get:246 http://archive.ubuntu.com/ubuntu noble/universe amd64 node-path-is-inside all 1.0.2+~1.0.0-1 [5098 B]
Get:247 http://archive.ubuntu.com/ubuntu noble/universe amd64 node-is-path-inside all 3.0.3-2 [3982 B]
Get:248 http://archive.ubuntu.com/ubuntu noble/universe amd64 node-escape-string-regexp all 4.0.0-2 [4328 B]
Get:249 http://archive.ubuntu.com/ubuntu noble/universe amd64 node-indent-string all 4.0.0-2 [4122 B]
Get:250 http://archive.ubuntu.com/ubuntu noble/universe amd64 node-p-map all 4.0.0+~3.1.0+~3.0.1-1 [8058 B]
Get:251 http://archive.ubuntu.com/ubuntu noble/universe amd64 node-del all 7.0.0-5 [6928 B]
Get:252 http://archive.ubuntu.com/ubuntu noble/universe amd64 node-make-dir all 3.1.0-3 [6096 B]
Get:253 http://archive.ubuntu.com/ubuntu noble/universe amd64 node-p-limit all 4.0.0+~cs4.0.0-5 [7722 B]
Get:254 http://archive.ubuntu.com/ubuntu noble/universe amd64 node-p-locate all 6.0.0-12 [5340 B]
Get:255 http://archive.ubuntu.com/ubuntu noble/universe amd64 node-locate-path all 7.1.1-2 [5448 B]
Get:256 http://archive.ubuntu.com/ubuntu noble/universe amd64 node-path-exists all 5.0.0-8 [4602 B]
Get:257 http://archive.ubuntu.com/ubuntu noble/universe amd64 node-find-up all 6.3.0-7 [9340 B]
Get:258 http://archive.ubuntu.com/ubuntu noble/universe amd64 node-pkg-dir all 5.0.0-2 [4270 B]
Get:259 http://archive.ubuntu.com/ubuntu noble/universe amd64 node-find-cache-dir all 3.3.2+~3.2.1-1 [6210 B]
Get:260 http://archive.ubuntu.com/ubuntu noble/universe amd64 node-signal-exit all 4.1.0-6 [14.1 kB]
Get:261 http://archive.ubuntu.com/ubuntu noble/universe amd64 node-foreground-child all 3.1.1-2 [12.4 kB]
Get:262 http://archive.ubuntu.com/ubuntu noble/universe amd64 node-is-stream all 3.0.0-4 [5106 B]
Get:263 http://archive.ubuntu.com/ubuntu noble/universe amd64 node-is-windows all 1.0.2+~cs1.0.0-1 [5980 B]
Get:264 http://archive.ubuntu.com/ubuntu noble/universe amd64 node-ampproject-remapping all 2.2.0+~cs5.15.37-1 [62.4 kB]
Get:265 http://archive.ubuntu.com/ubuntu noble/universe amd64 node-sprintf-js all 1.1.2+ds1+~1.1.2-1 [3916 B]
Get:266 http://archive.ubuntu.com/ubuntu noble/universe amd64 node-argparse all 2.0.1-2 [33.2 kB]
Get:267 http://archive.ubuntu.com/ubuntu noble/universe amd64 node-js-yaml all 4.1.0+dfsg+~4.0.5-7 [61.9 kB]
Get:268 http://archive.ubuntu.com/ubuntu noble/universe amd64 node-nopt all 5.0.0-4 [10.9 kB]
Get:269 http://archive.ubuntu.com/ubuntu noble/universe amd64 node-npm-run-path all 5.1.0+~4.0.0-8 [6402 B]
Get:270 http://archive.ubuntu.com/ubuntu noble/universe amd64 node-shebang-regex all 3.0.0-2 [3504 B]
Get:271 http://archive.ubuntu.com/ubuntu noble/universe amd64 node-shebang-command all 2.0.0-1 [3456 B]
Get:272 http://archive.ubuntu.com/ubuntu noble/universe amd64 node-strip-bom all 4.0.0-2 [4158 B]
Get:273 http://archive.ubuntu.com/ubuntu noble/universe amd64 node-has-flag all 4.0.0-3 [4268 B]
Get:274 http://archive.ubuntu.com/ubuntu noble/universe amd64 node-supports-color all 8.1.1+~8.1.1-1 [7048 B]
Get:275 http://archive.ubuntu.com/ubuntu noble/universe amd64 node-util all 0.12.5+~1.0.10-1 [3760 B]
Get:276 http://archive.ubuntu.com/ubuntu noble/universe amd64 node-assert all 2.0.0+~cs3.9.8-2 [26.2 kB]
Get:277 http://archive.ubuntu.com/ubuntu noble/universe amd64 node-babel-plugin-add-module-exports all 1.0.4+dfsg1~cs5.8.0-4 [8860 B]
Get:278 http://archive.ubuntu.com/ubuntu noble/universe amd64 node-regenerator-runtime all 0.15.2+~0.10.8-1 [10.9 kB]
Get:279 http://archive.ubuntu.com/ubuntu noble/universe amd64 node-babel7-runtime all 7.20.15+ds1+~cs214.269.168-6build1 [43.2 kB]
Get:280 http://archive.ubuntu.com/ubuntu noble/universe amd64 node-babel-helper-define-polyfill-provider all 0.3.3~0~20220913+ds1-1 [28.4 kB]
Get:281 http://archive.ubuntu.com/ubuntu noble/universe amd64 node-babel-plugin-polyfill-corejs2 all 0.3.3~0~20220913+ds1-1 [17.2 kB]
Get:282 http://archive.ubuntu.com/ubuntu noble/universe amd64 node-caniuse-lite all 1.0.30001571+dfsg+~1.0.5-1 [348 kB]
Get:283 http://archive.ubuntu.com/ubuntu noble/universe amd64 node-electron-to-chromium all 1.4.616-1 [39.6 kB]
Get:284 http://archive.ubuntu.com/ubuntu noble/universe amd64 node-picocolors all 1.0.0-4 [6176 B]
Get:285 http://archive.ubuntu.com/ubuntu noble/universe amd64 node-browserslist all 4.22.1+~cs6.1.28-1 [72.9 kB]
Get:286 http://archive.ubuntu.com/ubuntu noble/universe amd64 node-core-js-compat all 3.33.2-1build2 [39.1 kB]
Get:287 http://archive.ubuntu.com/ubuntu noble/universe amd64 node-babel-plugin-polyfill-corejs3 all 0.6.0~0~20220913+ds1-1 [30.2 kB]
Get:288 http://archive.ubuntu.com/ubuntu noble/universe amd64 node-babel-plugin-polyfill-regenerator all 0.4.1~0~20220913+ds1-1 [4366 B]
Get:289 http://archive.ubuntu.com/ubuntu noble/universe amd64 node-color-name all 1.1.4+~1.1.1-2 [6076 B]
Get:290 http://archive.ubuntu.com/ubuntu noble/universe amd64 node-color-convert all 2.0.1+~cs2.0.0-2 [12.8 kB]
Get:291 http://archive.ubuntu.com/ubuntu noble/universe amd64 node-ansi-styles all 6.2.1-2 [8768 B]
Get:292 http://archive.ubuntu.com/ubuntu noble/universe amd64 node-chalk all 5.3.0-1build1 [18.8 kB]
Get:293 http://archive.ubuntu.com/ubuntu noble/universe amd64 node-for-in all 1.0.2-4 [4856 B]
Get:294 http://archive.ubuntu.com/ubuntu noble/universe amd64 node-for-own all 1.0.0-3 [4708 B]
Get:295 http://archive.ubuntu.com/ubuntu noble/universe amd64 node-is-plain-object all 5.0.0-7 [6338 B]
Get:296 http://archive.ubuntu.com/ubuntu noble/universe amd64 node-is-extendable all 1.0.1-3 [5258 B]
Get:297 http://archive.ubuntu.com/ubuntu noble/universe amd64 node-clone-deep all 4.0.1+~cs7.0.2-1 [6822 B]
Get:298 http://archive.ubuntu.com/ubuntu noble/universe amd64 node-commander all 9.4.1-1 [50.6 kB]
Get:299 http://archive.ubuntu.com/ubuntu noble/universe amd64 node-core-js all 3.33.2-1build2 [270 kB]
Get:300 http://archive.ubuntu.com/ubuntu noble/universe amd64 node-core-js-pure all 3.33.2-1build2 [250 kB]
Get:301 http://archive.ubuntu.com/ubuntu noble/universe amd64 node-fs-readdir-recursive all 1.1.0+~1.1.0-1 [4552 B]
Get:302 http://archive.ubuntu.com/ubuntu noble/universe amd64 node-js-tokens all 8.0.0-2 [12.1 kB]
Get:303 http://archive.ubuntu.com/ubuntu noble/universe amd64 node-jsesc all 3.0.2+~3.0.1-1 [18.0 kB]
Get:304 http://archive.ubuntu.com/ubuntu noble/universe amd64 node-json5 all 2.2.3+dfsg-1build1 [21.9 kB]
Get:305 http://archive.ubuntu.com/ubuntu noble/universe amd64 node-quick-lru all 6.1.1-4 [8190 B]
Get:306 http://archive.ubuntu.com/ubuntu noble/universe amd64 node-regenerator-transform all 0.15.2+~0.10.8-1 [25.5 kB]
Get:307 http://archive.ubuntu.com/ubuntu noble/universe amd64 node-regjsgen all 0.7.1+ds-1 [7048 B]
Get:308 http://archive.ubuntu.com/ubuntu noble/universe amd64 node-regjsparser all 0.9.1+ds-2 [21.6 kB]
Get:309 http://archive.ubuntu.com/ubuntu noble/universe amd64 node-unicode-canonical-property-names-ecmascript all 2.0.0-2 [4558 B]
Get:310 http://archive.ubuntu.com/ubuntu noble/universe amd64 node-unicode-property-aliases-ecmascript all 2.1.0+ds-1 [5316 B]
Get:311 http://archive.ubuntu.com/ubuntu noble/universe amd64 node-unicode-match-property-ecmascript all 2.0.0-2 [4420 B]
Get:312 http://archive.ubuntu.com/ubuntu noble/universe amd64 node-unicode-match-property-value-ecmascript all 2.1.0+ds-1 [7486 B]
Get:313 http://archive.ubuntu.com/ubuntu noble/universe amd64 node-regexpu-core all 5.2.2-3 [15.5 kB]
Get:314 http://archive.ubuntu.com/ubuntu noble/universe amd64 node-source-map-support all 0.5.21+ds+~0.5.4-1 [14.2 kB]
Get:315 http://archive.ubuntu.com/ubuntu noble/universe amd64 node-to-fast-properties all 3.0.1-3 [4334 B]
Get:316 http://archive.ubuntu.com/ubuntu noble/universe amd64 node-v8flags all 3.2.0+~3.1.1-1 [7766 B]
Get:317 http://archive.ubuntu.com/ubuntu noble/universe amd64 node-babel7 all 7.20.15+ds1+~cs214.269.168-6build1 [627 kB]
Get:318 http://archive.ubuntu.com/ubuntu noble/universe amd64 node-is-arrayish all 0.3.2-3 [3970 B]
Get:319 http://archive.ubuntu.com/ubuntu noble/universe amd64 node-error-ex all 1.3.2-4 [5708 B]
Get:320 http://archive.ubuntu.com/ubuntu noble/universe amd64 node-json-parse-better-errors all 1.0.2+~cs3.3.1-2 [7384 B]
Get:321 http://archive.ubuntu.com/ubuntu noble/universe amd64 node-parse-json all 5.2.0+~cs5.1.7-1 [7516 B]
Get:322 http://archive.ubuntu.com/ubuntu noble/universe amd64 node-hosted-git-info all 6.1.1-2 [9904 B]
Get:323 http://archive.ubuntu.com/ubuntu noble/universe amd64 node-spdx-license-ids all 3.0.12-1 [6488 B]
Get:324 http://archive.ubuntu.com/ubuntu noble/universe amd64 node-spdx-exceptions all 2.3.0-2 [3978 B]
Get:325 http://archive.ubuntu.com/ubuntu noble/universe amd64 node-spdx-expression-parse all 3.0.1+~3.0.1-1 [7658 B]
Get:326 http://archive.ubuntu.com/ubuntu noble/universe amd64 node-spdx-correct all 3.1.1-2 [5476 B]
Get:327 http://archive.ubuntu.com/ubuntu noble/universe amd64 node-validate-npm-package-license all 3.0.4-2 [4252 B]
Get:328 http://archive.ubuntu.com/ubuntu noble/universe amd64 node-normalize-package-data all 4.0.1+~2.4.1-1 [13.1 kB]
Get:329 http://archive.ubuntu.com/ubuntu noble/universe amd64 node-read-pkg all 5.2.0-2 [24.5 kB]
Get:330 http://archive.ubuntu.com/ubuntu noble/universe amd64 node-uuid all 8.3.2+~8.3.3-4 [36.0 kB]
Get:331 http://archive.ubuntu.com/ubuntu noble/universe amd64 node-isexe all 2.0.0+~2.0.1-5 [6078 B]
Get:332 http://archive.ubuntu.com/ubuntu noble/universe amd64 node-which all 2.0.2+~cs1.3.2-3 [7154 B]
Get:333 http://archive.ubuntu.com/ubuntu noble/universe amd64 node-is-typedarray all 1.0.0-4 [2072 B]
Get:334 http://archive.ubuntu.com/ubuntu noble/universe amd64 node-typedarray-to-buffer all 4.0.0-2 [2242 B]
Get:335 http://archive.ubuntu.com/ubuntu noble/universe amd64 node-write-file-atomic all 4.0.2+~4.0.0-2 [8750 B]
Get:336 http://archive.ubuntu.com/ubuntu noble/universe amd64 node-slice-ansi all 5.0.0+~cs9.0.0-5 [9044 B]
Get:337 http://archive.ubuntu.com/ubuntu noble/universe amd64 node-ansi-regex all 5.0.1-1 [4984 B]
Get:338 http://archive.ubuntu.com/ubuntu noble/universe amd64 node-strip-ansi all 6.0.1-2 [4128 B]
Get:339 http://archive.ubuntu.com/ubuntu noble/universe amd64 node-clone all 2.1.2+~2.1.2-1 [9340 B]
Get:340 http://archive.ubuntu.com/ubuntu noble/universe amd64 node-defaults all 1.0.4+~1.0.3-1 [4394 B]
Get:341 http://archive.ubuntu.com/ubuntu noble/universe amd64 node-wcwidth.js all 1.0.2-2 [7204 B]
^C
Script done on 2025-12-06 17:57:30+00:00 [COMMAND_EXIT_CODE="130"]
